[I 2023-09-09 12:09:22,855] A new study created in memory with name: no-name-46de6798-57f2-4513-9e85-a86511355566
[I 2023-09-09 12:29:14,971] Trial 0 finished with value: 6882.32080078125 and parameters: {'n_layers': 6, 'n_units_l0': 126, 'n_units_l1': 101, 'n_units_l2': 98, 'n_units_l3': 51, 'n_units_l4': 68, 'n_units_l5': 117, 'lr': 0.009883182222795241}. Best is trial 0 with value: 6882.32080078125.
[I 2023-09-09 12:49:16,728] Trial 1 finished with value: 6929.1806640625 and parameters: {'n_layers': 5, 'n_units_l0': 30, 'n_units_l1': 68, 'n_units_l2': 126, 'n_units_l3': 119, 'n_units_l4': 127, 'lr': 0.00018683758053092208}. Best is trial 0 with value: 6882.32080078125.
[I 2023-09-09 13:04:53,019] Trial 2 finished with value: 6787.42578125 and parameters: {'n_layers': 2, 'n_units_l0': 59, 'n_units_l1': 64, 'lr': 3.1029029337246605e-05}. Best is trial 2 with value: 6787.42578125.
[I 2023-09-09 13:23:01,395] Trial 3 finished with value: 6989.10498046875 and parameters: {'n_layers': 3, 'n_units_l0': 82, 'n_units_l1': 81, 'n_units_l2': 24, 'lr': 0.003296335048984896}. Best is trial 2 with value: 6787.42578125.
[I 2023-09-09 13:42:41,636] Trial 4 finished with value: 6868.42919921875 and parameters: {'n_layers': 6, 'n_units_l0': 43, 'n_units_l1': 17, 'n_units_l2': 85, 'n_units_l3': 70, 'n_units_l4': 103, 'n_units_l5': 42, 'lr': 0.022963131899485137}. Best is trial 2 with value: 6787.42578125.
[I 2023-09-09 13:49:51,910] Trial 5 pruned. 
[I 2023-09-09 13:55:39,324] Trial 6 pruned. 
[I 2023-09-09 14:00:43,924] Trial 7 pruned. 
[I 2023-09-09 14:06:20,872] Trial 8 pruned. 
[I 2023-09-09 14:11:27,412] Trial 9 pruned. 
[I 2023-09-09 14:16:31,240] Trial 10 pruned. 
[I 2023-09-09 14:21:37,316] Trial 11 pruned. 
[I 2023-09-09 14:26:51,656] Trial 12 pruned. 
[I 2023-09-09 14:32:08,881] Trial 13 pruned. 
[I 2023-09-09 14:38:14,686] Trial 14 pruned. 
[I 2023-09-09 14:43:29,953] Trial 15 pruned. 
[I 2023-09-09 14:49:06,575] Trial 16 pruned. 
[I 2023-09-09 14:54:25,719] Trial 17 pruned. 
[I 2023-09-09 15:00:42,936] Trial 18 pruned. 
[I 2023-09-09 15:06:04,588] Trial 19 pruned. 
[I 2023-09-09 15:13:30,263] Trial 20 pruned. 
[I 2023-09-09 15:19:23,328] Trial 21 pruned. 
[I 2023-09-09 15:24:35,003] Trial 22 pruned. 
[I 2023-09-09 15:31:22,832] Trial 23 pruned. 
[I 2023-09-09 15:39:46,749] Trial 24 pruned. 
[I 2023-09-09 15:44:59,661] Trial 25 pruned. 
[I 2023-09-09 15:52:58,987] Trial 26 pruned. 
[I 2023-09-09 16:20:08,036] Trial 27 finished with value: 6855.142578125 and parameters: {'n_layers': 6, 'n_units_l0': 63, 'n_units_l1': 31, 'n_units_l2': 38, 'n_units_l3': 32, 'n_units_l4': 103, 'n_units_l5': 66, 'lr': 0.004945964393051021}. Best is trial 2 with value: 6787.42578125.
[I 2023-09-09 16:25:19,968] Trial 28 pruned. 
[I 2023-09-09 16:50:16,235] Trial 29 finished with value: 6838.4267578125 and parameters: {'n_layers': 6, 'n_units_l0': 47, 'n_units_l1': 17, 'n_units_l2': 36, 'n_units_l3': 33, 'n_units_l4': 109, 'n_units_l5': 59, 'lr': 0.004764160501232263}. Best is trial 2 with value: 6787.42578125.
[I 2023-09-09 16:55:32,022] Trial 30 pruned. 
[I 2023-09-09 17:00:45,068] Trial 31 pruned. 
[I 2023-09-09 17:05:59,570] Trial 32 pruned. 
[I 2023-09-09 17:11:15,295] Trial 33 pruned. 
[I 2023-09-09 17:16:31,378] Trial 34 pruned. 
[I 2023-09-09 17:44:04,652] Trial 35 finished with value: 6806.9716796875 and parameters: {'n_layers': 6, 'n_units_l0': 28, 'n_units_l1': 27, 'n_units_l2': 17, 'n_units_l3': 19, 'n_units_l4': 96, 'n_units_l5': 78, 'lr': 0.0037573051582651864}. Best is trial 2 with value: 6787.42578125.
[I 2023-09-09 18:08:14,735] Trial 36 finished with value: 7082.64111328125 and parameters: {'n_layers': 5, 'n_units_l0': 26, 'n_units_l1': 62, 'n_units_l2': 15, 'n_units_l3': 17, 'n_units_l4': 82, 'lr': 0.0038996406346425206}. Best is trial 2 with value: 6787.42578125.
[I 2023-09-09 18:13:27,606] Trial 37 pruned. 
[I 2023-09-09 18:18:42,290] Trial 38 pruned. 
[I 2023-09-09 18:24:00,906] Trial 39 pruned. 
[I 2023-09-09 18:29:17,440] Trial 40 pruned. 
[I 2023-09-09 18:34:25,999] Trial 41 pruned. 
[I 2023-09-09 18:40:32,904] Trial 42 pruned. 
[I 2023-09-09 18:45:46,244] Trial 43 pruned. 
[I 2023-09-09 18:51:04,804] Trial 44 pruned. 
[I 2023-09-09 18:56:22,995] Trial 45 pruned. 
[I 2023-09-09 19:01:41,172] Trial 46 pruned. 
[I 2023-09-09 19:06:51,862] Trial 47 pruned. 
[I 2023-09-09 19:12:06,468] Trial 48 pruned. 
[I 2023-09-09 19:17:28,481] Trial 49 pruned. 
[I 2023-09-09 19:43:53,207] Trial 50 finished with value: 6853.33447265625 and parameters: {'n_layers': 6, 'n_units_l0': 68, 'n_units_l1': 36, 'n_units_l2': 94, 'n_units_l3': 47, 'n_units_l4': 117, 'n_units_l5': 26, 'lr': 0.013803686671157656}. Best is trial 2 with value: 6787.42578125.
[I 2023-09-09 19:49:12,777] Trial 51 pruned. 
[I 2023-09-09 19:54:30,064] Trial 52 pruned. 
[I 2023-09-09 19:59:55,179] Trial 53 pruned. 
[I 2023-09-09 20:05:13,325] Trial 54 pruned. 
[I 2023-09-09 20:10:31,958] Trial 55 pruned. 
[I 2023-09-09 20:35:25,213] Trial 56 finished with value: 6883.98974609375 and parameters: {'n_layers': 6, 'n_units_l0': 81, 'n_units_l1': 30, 'n_units_l2': 83, 'n_units_l3': 78, 'n_units_l4': 99, 'n_units_l5': 62, 'lr': 0.0038686463867009238}. Best is trial 2 with value: 6787.42578125.
[I 2023-09-09 20:40:46,336] Trial 57 pruned. 
[I 2023-09-09 21:05:50,878] Trial 58 finished with value: 6855.63623046875 and parameters: {'n_layers': 6, 'n_units_l0': 48, 'n_units_l1': 77, 'n_units_l2': 59, 'n_units_l3': 34, 'n_units_l4': 79, 'n_units_l5': 72, 'lr': 0.00204945056378204}. Best is trial 2 with value: 6787.42578125.
[I 2023-09-09 21:11:05,573] Trial 59 pruned. 
[I 2023-09-09 21:16:19,984] Trial 60 pruned. 
[I 2023-09-09 21:21:36,588] Trial 61 pruned. 
[I 2023-09-09 21:26:46,542] Trial 62 pruned. 
[I 2023-09-09 21:32:03,823] Trial 63 pruned. 
[I 2023-09-09 21:37:21,924] Trial 64 pruned. 
[I 2023-09-09 22:03:38,985] Trial 65 finished with value: 6689.8447265625 and parameters: {'n_layers': 6, 'n_units_l0': 67, 'n_units_l1': 17, 'n_units_l2': 91, 'n_units_l3': 83, 'n_units_l4': 93, 'n_units_l5': 95, 'lr': 0.005385082908554285}. Best is trial 65 with value: 6689.8447265625.
[I 2023-09-09 22:08:58,590] Trial 66 pruned. 
[I 2023-09-09 22:14:18,386] Trial 67 pruned. 
[I 2023-09-09 22:19:34,534] Trial 68 pruned. 
[I 2023-09-09 22:24:48,704] Trial 69 pruned. 
[I 2023-09-09 22:29:56,471] Trial 70 pruned. 
[I 2023-09-09 22:35:06,869] Trial 71 pruned. 
[I 2023-09-09 22:40:21,555] Trial 72 pruned. 
[I 2023-09-09 22:45:34,382] Trial 73 pruned. 
[I 2023-09-09 22:50:49,274] Trial 74 pruned. 
[I 2023-09-09 22:56:03,223] Trial 75 pruned. 
[I 2023-09-09 23:01:17,770] Trial 76 pruned. 
[I 2023-09-09 23:06:33,529] Trial 77 pruned. 
[I 2023-09-09 23:11:47,873] Trial 78 pruned. 
[I 2023-09-09 23:17:04,430] Trial 79 pruned. 
[I 2023-09-09 23:22:23,827] Trial 80 pruned. 
[I 2023-09-09 23:27:36,545] Trial 81 pruned. 
[I 2023-09-09 23:32:58,033] Trial 82 pruned. 
[I 2023-09-09 23:38:11,357] Trial 83 pruned. 
[I 2023-09-09 23:43:24,640] Trial 84 pruned. 
[I 2023-09-09 23:48:37,628] Trial 85 pruned. 
[I 2023-09-09 23:53:53,809] Trial 86 pruned. 
[I 2023-09-09 23:59:08,160] Trial 87 pruned. 
[I 2023-09-10 00:25:23,201] Trial 88 finished with value: 6739.7333984375 and parameters: {'n_layers': 6, 'n_units_l0': 120, 'n_units_l1': 122, 'n_units_l2': 10, 'n_units_l3': 49, 'n_units_l4': 35, 'n_units_l5': 79, 'lr': 0.0001274058503930782}. Best is trial 65 with value: 6689.8447265625.
[I 2023-09-10 00:30:42,869] Trial 89 pruned. 
[I 2023-09-10 00:36:00,862] Trial 90 pruned. 
[I 2023-09-10 01:01:13,701] Trial 91 finished with value: 6901.998046875 and parameters: {'n_layers': 6, 'n_units_l0': 127, 'n_units_l1': 123, 'n_units_l2': 41, 'n_units_l3': 49, 'n_units_l4': 62, 'n_units_l5': 90, 'lr': 0.0060576537602987455}. Best is trial 65 with value: 6689.8447265625.
[I 2023-09-10 01:06:35,367] Trial 92 pruned. 
[I 2023-09-10 01:31:22,983] Trial 93 finished with value: 6997.5341796875 and parameters: {'n_layers': 6, 'n_units_l0': 122, 'n_units_l1': 104, 'n_units_l2': 33, 'n_units_l3': 41, 'n_units_l4': 69, 'n_units_l5': 80, 'lr': 0.004215968473753587}. Best is trial 65 with value: 6689.8447265625.
[I 2023-09-10 01:36:41,696] Trial 94 pruned. 
[I 2023-09-10 01:42:02,731] Trial 95 pruned. 
[I 2023-09-10 01:47:26,128] Trial 96 pruned. 
[I 2023-09-10 02:12:26,358] Trial 97 finished with value: 6870.7431640625 and parameters: {'n_layers': 6, 'n_units_l0': 58, 'n_units_l1': 33, 'n_units_l2': 26, 'n_units_l3': 65, 'n_units_l4': 108, 'n_units_l5': 66, 'lr': 0.005737116812530975}. Best is trial 65 with value: 6689.8447265625.
[I 2023-09-10 02:17:42,145] Trial 98 pruned. 
[I 2023-09-10 02:23:00,911] Trial 99 pruned. 
Study statistics: 
  Number of finished trials:  100
  Number of pruned trials:  83
  Number of complete trials:  17
Best trial:
  Value:  6689.8447265625
  Params: 
    n_layers: 6
    n_units_l0: 67
    n_units_l1: 17
    n_units_l2: 91
    n_units_l3: 83
    n_units_l4: 93
    n_units_l5: 95
    lr: 0.005385082908554285
