[I 2023-07-20 10:34:27,929] A new study created in memory with name: no-name-6dbc9cb9-e2a6-435b-81c8-0b11e6c77085
[I 2023-07-20 10:45:54,281] Trial 0 finished with value: 68.8482666015625 and parameters: {'n_layers': 2, 'n_units_l0': 80, 'n_units_l1': 31, 'lr': 0.03188978597660153}. Best is trial 0 with value: 68.8482666015625.
[I 2023-07-20 10:55:38,671] Trial 1 finished with value: 68.91482543945312 and parameters: {'n_layers': 1, 'n_units_l0': 18, 'lr': 0.011916872971650913}. Best is trial 0 with value: 68.8482666015625.
[I 2023-07-20 11:07:43,465] Trial 2 finished with value: 64.90043640136719 and parameters: {'n_layers': 3, 'n_units_l0': 87, 'n_units_l1': 123, 'n_units_l2': 33, 'lr': 9.674528985738099e-05}. Best is trial 2 with value: 64.90043640136719.
[I 2023-07-20 11:18:28,725] Trial 3 finished with value: 68.71810913085938 and parameters: {'n_layers': 2, 'n_units_l0': 96, 'n_units_l1': 97, 'lr': 0.009175962869445707}. Best is trial 2 with value: 64.90043640136719.
[I 2023-07-20 11:27:57,251] Trial 4 finished with value: 68.63223266601562 and parameters: {'n_layers': 1, 'n_units_l0': 45, 'lr': 0.014547670917163275}. Best is trial 2 with value: 64.90043640136719.
[I 2023-07-20 11:38:29,101] Trial 5 finished with value: 68.58348846435547 and parameters: {'n_layers': 2, 'n_units_l0': 4, 'n_units_l1': 82, 'lr': 0.002937976056029442}. Best is trial 2 with value: 64.90043640136719.
[I 2023-07-20 11:38:37,283] Trial 6 pruned. 
[I 2023-07-20 11:38:43,987] Trial 7 pruned. 
[I 2023-07-20 11:38:51,674] Trial 8 pruned. 
[I 2023-07-20 11:39:00,099] Trial 9 pruned. 
[I 2023-07-20 11:39:08,757] Trial 10 pruned. 
[I 2023-07-20 11:39:34,389] Trial 11 pruned. 
[I 2023-07-20 11:51:22,193] Trial 12 finished with value: 68.61846923828125 and parameters: {'n_layers': 3, 'n_units_l0': 68, 'n_units_l1': 99, 'n_units_l2': 114, 'lr': 0.0016552850846552943}. Best is trial 2 with value: 64.90043640136719.
[I 2023-07-20 12:01:40,790] Trial 13 finished with value: 68.56907653808594 and parameters: {'n_layers': 2, 'n_units_l0': 5, 'n_units_l1': 126, 'lr': 0.0003190697784374997}. Best is trial 2 with value: 64.90043640136719.
[I 2023-07-20 12:13:31,996] Trial 14 finished with value: 64.75357818603516 and parameters: {'n_layers': 3, 'n_units_l0': 58, 'n_units_l1': 126, 'n_units_l2': 48, 'lr': 0.00033203473327339593}. Best is trial 14 with value: 64.75357818603516.
[I 2023-07-20 12:13:41,158] Trial 15 pruned. 
[I 2023-07-20 12:13:49,966] Trial 16 pruned. 
[I 2023-07-20 12:13:57,805] Trial 17 pruned. 
[I 2023-07-20 12:26:19,841] Trial 18 finished with value: 66.93063354492188 and parameters: {'n_layers': 3, 'n_units_l0': 44, 'n_units_l1': 112, 'n_units_l2': 75, 'lr': 0.0006204192210904357}. Best is trial 14 with value: 64.75357818603516.
[I 2023-07-20 12:26:29,127] Trial 19 pruned. 
[I 2023-07-20 12:26:36,687] Trial 20 pruned. 
[I 2023-07-20 12:26:45,911] Trial 21 pruned. 
[I 2023-07-20 12:26:54,564] Trial 22 pruned. 
[I 2023-07-20 12:38:25,222] Trial 23 finished with value: 68.61550903320312 and parameters: {'n_layers': 3, 'n_units_l0': 44, 'n_units_l1': 111, 'n_units_l2': 60, 'lr': 0.0025795038953514834}. Best is trial 14 with value: 64.75357818603516.
[I 2023-07-20 12:38:33,692] Trial 24 pruned. 
[I 2023-07-20 12:50:15,786] Trial 25 finished with value: 67.56513214111328 and parameters: {'n_layers': 3, 'n_units_l0': 56, 'n_units_l1': 94, 'n_units_l2': 84, 'lr': 0.0009596621313468553}. Best is trial 14 with value: 64.75357818603516.
[I 2023-07-20 12:51:16,841] Trial 26 pruned. 
[I 2023-07-20 12:51:26,859] Trial 27 pruned. 
[I 2023-07-20 12:51:35,529] Trial 28 pruned. 
[I 2023-07-20 12:51:43,124] Trial 29 pruned. 
[I 2023-07-20 13:03:21,968] Trial 30 finished with value: 65.79547882080078 and parameters: {'n_layers': 3, 'n_units_l0': 60, 'n_units_l1': 105, 'n_units_l2': 99, 'lr': 0.0004796789618555235}. Best is trial 14 with value: 64.75357818603516.
[I 2023-07-20 13:15:11,702] Trial 31 finished with value: 64.4244613647461 and parameters: {'n_layers': 3, 'n_units_l0': 58, 'n_units_l1': 105, 'n_units_l2': 109, 'lr': 0.00044261925432199684}. Best is trial 31 with value: 64.4244613647461.
[I 2023-07-20 13:15:20,105] Trial 32 pruned. 
[I 2023-07-20 13:15:29,672] Trial 33 pruned. 
[I 2023-07-20 13:15:38,015] Trial 34 pruned. 
[I 2023-07-20 13:15:44,589] Trial 35 pruned. 
[I 2023-07-20 13:15:51,498] Trial 36 pruned. 
[I 2023-07-20 13:15:59,353] Trial 37 pruned. 
[I 2023-07-20 13:16:08,053] Trial 38 pruned. 
[I 2023-07-20 13:16:16,151] Trial 39 pruned. 
[I 2023-07-20 13:16:23,930] Trial 40 pruned. 
[I 2023-07-20 13:16:32,249] Trial 41 pruned. 
[I 2023-07-20 13:16:40,939] Trial 42 pruned. 
[I 2023-07-20 13:16:49,669] Trial 43 pruned. 
[I 2023-07-20 13:28:39,020] Trial 44 finished with value: 67.46977233886719 and parameters: {'n_layers': 3, 'n_units_l0': 39, 'n_units_l1': 24, 'n_units_l2': 37, 'lr': 0.0002699805206536383}. Best is trial 31 with value: 64.4244613647461.
[I 2023-07-20 13:28:48,637] Trial 45 pruned. 
[I 2023-07-20 13:28:58,255] Trial 46 pruned. 
[I 2023-07-20 13:40:20,419] Trial 47 finished with value: 65.17133331298828 and parameters: {'n_layers': 3, 'n_units_l0': 49, 'n_units_l1': 125, 'n_units_l2': 46, 'lr': 0.00034168749820421445}. Best is trial 31 with value: 64.4244613647461.
[I 2023-07-20 13:40:56,016] Trial 48 pruned. 
[I 2023-07-20 13:41:04,637] Trial 49 pruned. 
[I 2023-07-20 13:41:12,579] Trial 50 pruned. 
[I 2023-07-20 13:41:21,454] Trial 51 pruned. 
[I 2023-07-20 13:41:30,178] Trial 52 pruned. 
[I 2023-07-20 13:41:39,193] Trial 53 pruned. 
[I 2023-07-20 13:41:48,137] Trial 54 pruned. 
[I 2023-07-20 13:41:56,279] Trial 55 pruned. 
[I 2023-07-20 13:53:19,314] Trial 56 finished with value: 67.91989135742188 and parameters: {'n_layers': 3, 'n_units_l0': 31, 'n_units_l1': 113, 'n_units_l2': 48, 'lr': 0.0007156941527632305}. Best is trial 31 with value: 64.4244613647461.
[I 2023-07-20 13:55:13,795] Trial 57 pruned. 
[I 2023-07-20 13:55:50,367] Trial 58 pruned. 
[I 2023-07-20 13:56:00,297] Trial 59 pruned. 
[I 2023-07-20 13:56:09,014] Trial 60 pruned. 
[I 2023-07-20 13:56:19,096] Trial 61 pruned. 
[I 2023-07-20 13:56:26,693] Trial 62 pruned. 
[I 2023-07-20 13:56:36,216] Trial 63 pruned. 
[I 2023-07-20 13:56:44,995] Trial 64 pruned. 
[I 2023-07-20 13:56:54,911] Trial 65 pruned. 
[I 2023-07-20 13:57:04,286] Trial 66 pruned. 
[I 2023-07-20 13:57:13,703] Trial 67 pruned. 
[I 2023-07-20 13:57:22,921] Trial 68 pruned. 
[I 2023-07-20 13:57:30,996] Trial 69 pruned. 
[I 2023-07-20 13:57:39,737] Trial 70 pruned. 
[I 2023-07-20 13:57:48,805] Trial 71 pruned. 
[I 2023-07-20 13:57:58,364] Trial 72 pruned. 
[I 2023-07-20 13:58:08,416] Trial 73 pruned. 
[I 2023-07-20 14:09:51,450] Trial 74 finished with value: 66.5654296875 and parameters: {'n_layers': 3, 'n_units_l0': 48, 'n_units_l1': 106, 'n_units_l2': 96, 'lr': 0.0005590914279827461}. Best is trial 31 with value: 64.4244613647461.
[I 2023-07-20 14:10:00,385] Trial 75 pruned. 
[I 2023-07-20 14:10:08,928] Trial 76 pruned. 
[I 2023-07-20 14:10:17,078] Trial 77 pruned. 
[I 2023-07-20 14:10:25,718] Trial 78 pruned. 
[I 2023-07-20 14:22:18,847] Trial 79 finished with value: 66.22853088378906 and parameters: {'n_layers': 3, 'n_units_l0': 81, 'n_units_l1': 114, 'n_units_l2': 36, 'lr': 0.0006795872385386311}. Best is trial 31 with value: 64.4244613647461.
[I 2023-07-20 14:24:18,887] Trial 80 pruned. 
[I 2023-07-20 14:24:27,282] Trial 81 pruned. 
[I 2023-07-20 14:24:35,406] Trial 82 pruned. 
[I 2023-07-20 14:26:06,237] Trial 83 pruned. 
[I 2023-07-20 14:26:15,482] Trial 84 pruned. 
[I 2023-07-20 14:26:24,146] Trial 85 pruned. 
[I 2023-07-20 14:26:31,886] Trial 86 pruned. 
[I 2023-07-20 14:38:21,594] Trial 87 finished with value: 65.04090881347656 and parameters: {'n_layers': 3, 'n_units_l0': 106, 'n_units_l1': 84, 'n_units_l2': 42, 'lr': 0.0006105870386045549}. Best is trial 31 with value: 64.4244613647461.
[I 2023-07-20 14:38:31,658] Trial 88 pruned. 
[I 2023-07-20 14:38:40,534] Trial 89 pruned. 
[I 2023-07-20 14:38:49,305] Trial 90 pruned. 
[I 2023-07-20 14:38:57,109] Trial 91 pruned. 
[I 2023-07-20 14:39:05,040] Trial 92 pruned. 
[I 2023-07-20 14:39:12,981] Trial 93 pruned. 
[I 2023-07-20 14:39:21,820] Trial 94 pruned. 
[I 2023-07-20 14:39:31,813] Trial 95 pruned. 
[I 2023-07-20 14:39:39,963] Trial 96 pruned. 
[I 2023-07-20 14:39:47,828] Trial 97 pruned. 
[I 2023-07-20 14:39:56,321] Trial 98 pruned. 
[I 2023-07-20 14:40:04,590] Trial 99 pruned. 
Study statistics: 
  Number of finished trials:  100
  Number of pruned trials:  80
  Number of complete trials:  20
Best trial:
  Value:  64.4244613647461
  Params: 
    n_layers: 3
    n_units_l0: 58
    n_units_l1: 105
    n_units_l2: 109
    lr: 0.00044261925432199684
